[2023-05-14 23:52:08.792] [INFO ] [main] com.springboot.ApiApplication Starting ApiApplication using Java 11.0.13 on DESKTOP-CRGU87D with PID 12944 (C:\Users\lee\IdeaProjects\책\스프링 부트 핵심 가이드\api\target\classes started by lee in C:\Users\lee\IdeaProjects\책\스프링 부트 핵심 가이드\api)
[2023-05-14 23:52:08.793] [INFO ] [main] com.springboot.ApiApplication No active profile set, falling back to default profiles: default
[2023-05-14 23:52:09.465] [INFO ] [main] org.springframework.boot.web.embedded.tomcat.TomcatWebServer Tomcat initialized with port(s): 8080 (http)
[2023-05-14 23:52:09.470] [INFO ] [main] org.apache.coyote.http11.Http11NioProtocol Initializing ProtocolHandler ["http-nio-8080"]
[2023-05-14 23:52:09.471] [INFO ] [main] org.apache.catalina.core.StandardService Starting service [Tomcat]
[2023-05-14 23:52:09.471] [INFO ] [main] org.apache.catalina.core.StandardEngine Starting Servlet engine: [Apache Tomcat/9.0.54]
[2023-05-14 23:52:09.526] [INFO ] [main] org.apache.catalina.core.ContainerBase.[Tomcat].[localhost].[/] Initializing Spring embedded WebApplicationContext
[2023-05-14 23:52:09.526] [INFO ] [main] org.springframework.boot.web.servlet.context.ServletWebServerApplicationContext Root WebApplicationContext: initialization completed in 707 ms
[2023-05-14 23:52:09.751] [INFO ] [main] springfox.documentation.spring.web.PropertySourcedRequestMappingHandlerMapping Mapped URL path [/v2/api-docs] onto method [springfox.documentation.swagger2.web.Swagger2Controller#getDocumentation(String, HttpServletRequest)]
[2023-05-14 23:52:09.864] [INFO ] [main] org.apache.coyote.http11.Http11NioProtocol Starting ProtocolHandler ["http-nio-8080"]
[2023-05-14 23:52:09.875] [INFO ] [main] org.springframework.boot.web.embedded.tomcat.TomcatWebServer Tomcat started on port(s): 8080 (http) with context path ''
[2023-05-14 23:52:09.876] [INFO ] [main] springfox.documentation.spring.web.plugins.DocumentationPluginsBootstrapper Context refreshed
[2023-05-14 23:52:09.885] [INFO ] [main] springfox.documentation.spring.web.plugins.DocumentationPluginsBootstrapper Found 1 custom documentation plugin(s)
[2023-05-14 23:52:09.902] [INFO ] [main] springfox.documentation.spring.web.scanners.ApiListingReferenceScanner Scanning for api listing references
[2023-05-14 23:52:10.010] [INFO ] [main] com.springboot.ApiApplication Started ApiApplication in 1.527 seconds (JVM running for 2.1)
[2023-05-14 23:52:21.752] [INFO ] [http-nio-8080-exec-1] org.apache.catalina.core.ContainerBase.[Tomcat].[localhost].[/] Initializing Spring DispatcherServlet 'dispatcherServlet'
[2023-05-14 23:52:21.753] [INFO ] [http-nio-8080-exec-1] org.springframework.web.servlet.DispatcherServlet Initializing Servlet 'dispatcherServlet'
[2023-05-14 23:52:21.754] [INFO ] [http-nio-8080-exec-1] org.springframework.web.servlet.DispatcherServlet Completed initialization in 1 ms
[2023-05-14 23:52:21.767] [INFO ] [http-nio-8080-exec-1] com.springboot.api.controller.GetController getHello 메소드가 호출되었습니다.
[2023-05-14 23:53:08.901] [INFO ] [http-nio-8080-exec-3] com.springboot.api.controller.GetController @PathVariable을 통해 들어온 값 : dsa
